# JRE version: OpenJDK Runtime Environment (17.0+35) (build 17+35-2724)
# Java VM: OpenJDK 64-Bit Server VM (17+35-2724, mixed mode, sharing, tiered, compressed oops, compressed class ptrs, g1 gc, windows-amd64)
GC Precious Log:
 CPUs: 8 total, 8 available
 Memory: 8107M
 Large Page Support: Disabled
 NUMA Support: Disabled
 Compressed Oops: Enabled (32-bit)
 Heap Region Size: 1M
 Heap Min Capacity: 256M
 Heap Initial Capacity: 256M
 Heap Max Capacity: 512M
 Pre-touch: Disabled
 Parallel Workers: 8
 Concurrent Workers: 2
 Concurrent Refinement Workers: 8
 Periodic GC: Disabled
Heap:
 garbage-first heap   total 262144K, used 194216K [0x00000000e0000000, 0x0000000100000000)
  region size 1024K, 83 young (84992K), 7 survivors (7168K)
 Metaspace       used 86485K, committed 87360K, reserved 397312K
  class space    used 11758K, committed 12160K, reserved 315392K
GC Heap History (20 events):
Event: 789.698 GC heap before
{Heap before GC invocations=11 (full 0):
 garbage-first heap   total 262144K, used 210274K [0x00000000e0000000, 0x0000000100000000)
  region size 1024K, 122 young (124928K), 14 survivors (14336K)
 Metaspace       used 76944K, committed 77696K, reserved 389120K
  class space    used 10634K, committed 10944K, reserved 315392K
}
Event: 789.889 GC heap after
{Heap after GC invocations=12 (full 0):
 garbage-first heap   total 262144K, used 108300K [0x00000000e0000000, 0x0000000100000000)
  region size 1024K, 14 young (14336K), 14 survivors (14336K)
 Metaspace       used 76944K, committed 77696K, reserved 389120K
  class space    used 10634K, committed 10944K, reserved 315392K
}
Event: 2493.977 GC heap before
{Heap before GC invocations=12 (full 0):
 garbage-first heap   total 262144K, used 210700K [0x00000000e0000000, 0x0000000100000000)
  region size 1024K, 114 young (116736K), 14 survivors (14336K)
 Metaspace       used 77263K, committed 77952K, reserved 389120K
  class space    used 10644K, committed 10944K, reserved 315392K
}
Event: 2494.075 GC heap after
{Heap after GC invocations=13 (full 0):
 garbage-first heap   total 262144K, used 111237K [0x00000000e0000000, 0x0000000100000000)
  region size 1024K, 12 young (12288K), 12 survivors (12288K)
 Metaspace       used 77263K, committed 77952K, reserved 389120K
  class space    used 10644K, committed 10944K, reserved 315392K
}
Event: 2499.059 GC heap before
{Heap before GC invocations=13 (full 0):
 garbage-first heap   total 262144K, used 211589K [0x00000000e0000000, 0x0000000100000000)
  region size 1024K, 111 young (113664K), 12 survivors (12288K)
 Metaspace       used 78841K, committed 79616K, reserved 389120K
  class space    used 10823K, committed 11136K, reserved 315392K
}
Event: 2499.111 GC heap after
{Heap after GC invocations=14 (full 0):
 garbage-first heap   total 262144K, used 117173K [0x00000000e0000000, 0x0000000100000000)
  region size 1024K, 11 young (11264K), 11 survivors (11264K)
 Metaspace       used 78841K, committed 79616K, reserved 389120K
  class space    used 10823K, committed 11136K, reserved 315392K
}
Event: 2500.167 GC heap before
{Heap before GC invocations=14 (full 0):
 garbage-first heap   total 262144K, used 213429K [0x00000000e0000000, 0x0000000100000000)
  region size 1024K, 106 young (108544K), 11 survivors (11264K)
 Metaspace       used 78952K, committed 79744K, reserved 389120K
  class space    used 10829K, committed 11200K, reserved 315392K
}
Event: 2500.183 GC heap after
{Heap after GC invocations=15 (full 0):
 garbage-first heap   total 262144K, used 117538K [0x00000000e0000000, 0x0000000100000000)
  region size 1024K, 7 young (7168K), 7 survivors (7168K)
 Metaspace       used 78952K, committed 79744K, reserved 389120K
  class space    used 10829K, committed 11200K, reserved 315392K
}
Event: 2500.967 GC heap before
{Heap before GC invocations=15 (full 0):
 garbage-first heap   total 262144K, used 218914K [0x00000000e0000000, 0x0000000100000000)
  region size 1024K, 106 young (108544K), 7 survivors (7168K)
 Metaspace       used 78958K, committed 79744K, reserved 389120K
  class space    used 10829K, committed 11200K, reserved 315392K
}
Event: 2500.974 GC heap after
{Heap after GC invocations=16 (full 0):
 garbage-first heap   total 262144K, used 117523K [0x00000000e0000000, 0x0000000100000000)
  region size 1024K, 7 young (7168K), 7 survivors (7168K)
 Metaspace       used 78958K, committed 79744K, reserved 389120K
  class space    used 10829K, committed 11200K, reserved 315392K
}
Event: 2501.561 GC heap before
{Heap before GC invocations=16 (full 0):
 garbage-first heap   total 262144K, used 222995K [0x00000000e0000000, 0x0000000100000000)
  region size 1024K, 109 young (111616K), 7 survivors (7168K)
 Metaspace       used 78958K, committed 79744K, reserved 389120K
  class space    used 10829K, committed 11200K, reserved 315392K
}
Event: 2501.569 GC heap after
{Heap after GC invocations=17 (full 0):
 garbage-first heap   total 262144K, used 118313K [0x00000000e0000000, 0x0000000100000000)
  region size 1024K, 7 young (7168K), 7 survivors (7168K)
 Metaspace       used 78958K, committed 79744K, reserved 389120K
  class space    used 10829K, committed 11200K, reserved 315392K
}
Event: 2502.156 GC heap before
{Heap before GC invocations=17 (full 0):
 garbage-first heap   total 262144K, used 223785K [0x00000000e0000000, 0x0000000100000000)
  region size 1024K, 110 young (112640K), 7 survivors (7168K)
 Metaspace       used 78959K, committed 79744K, reserved 389120K
  class space    used 10829K, committed 11200K, reserved 315392K
}
Event: 2502.164 GC heap after
{Heap after GC invocations=18 (full 0):
 garbage-first heap   total 262144K, used 118711K [0x00000000e0000000, 0x0000000100000000)
  region size 1024K, 8 young (8192K), 8 survivors (8192K)
 Metaspace       used 78959K, committed 79744K, reserved 389120K
  class space    used 10829K, committed 11200K, reserved 315392K
}
Event: 2502.735 GC heap before
{Heap before GC invocations=18 (full 0):
 garbage-first heap   total 262144K, used 225207K [0x00000000e0000000, 0x0000000100000000)
  region size 1024K, 112 young (114688K), 8 survivors (8192K)
 Metaspace       used 78959K, committed 79744K, reserved 389120K
  class space    used 10829K, committed 11200K, reserved 315392K
}
Event: 2502.742 GC heap after
{Heap after GC invocations=19 (full 0):
 garbage-first heap   total 262144K, used 117302K [0x00000000e0000000, 0x0000000100000000)
  region size 1024K, 7 young (7168K), 7 survivors (7168K)
 Metaspace       used 78959K, committed 79744K, reserved 389120K
  class space    used 10829K, committed 11200K, reserved 315392K
}
Event: 2503.276 GC heap before
{Heap before GC invocations=19 (full 0):
 garbage-first heap   total 262144K, used 226870K [0x00000000e0000000, 0x0000000100000000)
  region size 1024K, 114 young (116736K), 7 survivors (7168K)
 Metaspace       used 78960K, committed 79744K, reserved 389120K
  class space    used 10829K, committed 11200K, reserved 315392K
}
Event: 2503.284 GC heap after
{Heap after GC invocations=20 (full 0):
 garbage-first heap   total 262144K, used 117689K [0x00000000e0000000, 0x0000000100000000)
  region size 1024K, 8 young (8192K), 8 survivors (8192K)
 Metaspace       used 78960K, committed 79744K, reserved 389120K
  class space    used 10829K, committed 11200K, reserved 315392K
}
Event: 2503.920 GC heap before
{Heap before GC invocations=20 (full 0):
 garbage-first heap   total 262144K, used 226233K [0x00000000e0000000, 0x0000000100000000)
  region size 1024K, 114 young (116736K), 8 survivors (8192K)
 Metaspace       used 78991K, committed 79936K, reserved 389120K
  class space    used 10833K, committed 11264K, reserved 315392K
}
Event: 2503.927 GC heap after
{Heap after GC invocations=21 (full 0):
 garbage-first heap   total 262144K, used 117416K [0x00000000e0000000, 0x0000000100000000)
  region size 1024K, 7 young (7168K), 7 survivors (7168K)
 Metaspace       used 78991K, committed 79936K, reserved 389120K
  class space    used 10833K, committed 11264K, reserved 315392K
}

